<?xml version="1.0" encoding="UTF-8"?>
<!-- Generated by org.testng.reporters.JUnitReportReporter -->
<testsuite hostname="DESKTOP-JTNBIV4" failures="0" tests="1" name="tests.AssessmentQ4" time="5.632" errors="0" timestamp="07 Aug 2022 23:49:40 GMT" skipped="0">
  <testcase classname="tests.AssessmentQ4" name="searchInput" time="5.632"/>
</testsuite> <!-- tests.AssessmentQ4 -->
