<?xml version="1.0" encoding="UTF-8"?>
<!-- Generated by org.testng.reporters.JUnitReportReporter -->
<testsuite hostname="DESKTOP-JTNBIV4" failures="0" tests="1" name="tests.CreateAccountTest" time="0.055" errors="0" timestamp="2022-08-30T00:01:46 EET" skipped="0">
  <testcase classname="tests.CreateAccountTest" name="userCanCreateAccount" time="0.055"/>
  <system-out/>
</testsuite> <!-- tests.CreateAccountTest -->
