<?xml version="1.0" encoding="UTF-8"?>
<!-- Generated by org.testng.reporters.JUnitReportReporter -->
<testsuite hostname="DESKTOP-JTNBIV4" failures="0" tests="3" name="tests.SearchPageTest" time="3.406" errors="0" timestamp="2022-08-08T11:55:03 EET" skipped="0">
  <testcase classname="tests.SearchPageTest" name="userCanScroll" time="0.032"/>
  <system-out/>
  <testcase classname="tests.SearchPageTest" name="userCanCountResults" time="0.548"/>
  <system-out/>
  <testcase classname="tests.SearchPageTest" name="userCanGoToPage" time="2.826"/>
  <system-out/>
</testsuite> <!-- tests.SearchPageTest -->
