<?xml version="1.0" encoding="UTF-8"?>
<!-- Generated by org.testng.reporters.JUnitReportReporter -->
<testsuite hostname="DESKTOP-JTNBIV4" failures="0" tests="1" name="tests.homePageTest" time="3.116" errors="0" timestamp="2022-08-30T03:36:39 EET" skipped="0">
  <testcase classname="tests.homePageTest" name="userCanGoSignPage" time="3.116"/>
  <system-out/>
</testsuite> <!-- tests.homePageTest -->
