<?xml version="1.0" encoding="UTF-8"?>
<!-- Generated by org.testng.reporters.JUnitReportReporter -->
<testsuite hostname="DESKTOP-JTNBIV4" failures="0" tests="4" name="tests.NextSearchPageTest$SearchPageTest" time="1.922" errors="0" timestamp="2022-08-08T11:55:03 EET" skipped="0">
  <testcase classname="tests.NextSearchPageTest$SearchPageTest" name="userAssert" time="0.334"/>
  <system-out/>
  <testcase classname="tests.NextSearchPageTest$SearchPageTest" name="userCanCountResults" time="0.153"/>
  <system-out/>
  <testcase classname="tests.NextSearchPageTest$SearchPageTest" name="userCanScroll" time="0.013"/>
  <system-out/>
  <testcase classname="tests.NextSearchPageTest$SearchPageTest" name="userCanGoToPage" time="1.422"/>
  <system-out/>
</testsuite> <!-- tests.NextSearchPageTest$SearchPageTest -->
