<?xml version="1.0" encoding="UTF-8"?>
<!-- Generated by org.testng.reporters.JUnitReportReporter -->
<testsuite hostname="DESKTOP-JTNBIV4" failures="0" tests="1" name="tests.CreatAccountTest" time="0.057" errors="0" timestamp="2022-08-28T21:27:26 EET" skipped="0">
  <testcase classname="tests.CreatAccountTest" name="userCanRegister" time="0.057"/>
  <system-out/>
</testsuite> <!-- tests.CreatAccountTest -->
